<?xml version="1.0" encoding="UTF-8"?>
<testng-results ignored="0" total="1" passed="0" failed="1" skipped="0">
  <reporter-output>
    <line>
      <![CDATA[
------------------------------------------------------------------------------
Test Case: LOGINTOSERVICENOW        Test Status: FAILURE   Test Name: LOGINTOSERVICENOW        
Test Description:

               1) Logging In
               2) Impersonating as Abel Tuter
               3) Moving To The Incidents Page
               4) Switching To Iframe
               5) Creating Incident
               6) Verifying Incidents Created
               7) Logging Out Of the Instance
------------------------------------------------------------------------------
]]>
    </line>
    <line>
      <![CDATA[All tests have been run successfully!]]>
    </line>
  </reporter-output>
  <suite started-at="2023-11-06T10:45:24 IST" name="Suite" finished-at="2023-11-06T10:45:44 IST" duration-ms="19808">
    <groups>
    </groups>
    <test started-at="2023-11-06T10:45:24 IST" name="TestSafari" finished-at="2023-11-06T10:45:44 IST" duration-ms="19808">
      <class name="kishapp.login">
        <test-method is-config="true" signature="beforeMethod(java.lang.String)[pri:0, instance:kishapp.login@6caf0677]" started-at="2023-11-06T10:45:24 IST" name="beforeMethod" finished-at="2023-11-06T10:45:32 IST" duration-ms="8394" status="PASS">
          <params>
            <param index="0">
              <value>
                <![CDATA[safari]]>
              </value>
            </param>
          </params>
          <reporter-output>
          </reporter-output>
        </test-method> <!-- beforeMethod -->
        <test-method signature="loginToServiceNow()[pri:0, instance:kishapp.login@6caf0677]" started-at="2023-11-06T10:45:32 IST" name="loginToServiceNow" description="
               1) Logging In
               2) Impersonating as Abel Tuter
               3) Moving To The Incidents Page
               4) Switching To Iframe
               5) Creating Incident
               6) Verifying Incidents Created
               7) Logging Out Of the Instance" finished-at="2023-11-06T10:45:43 IST" duration-ms="11171" status="FAIL">
          <exception class="java.lang.AssertionError">
            <message>
              <![CDATA[Test case failed due to an exception: For documentation on this error, please visit: https://www.selenium.dev/documentation/webdriver/troubleshooting/errors#no-such-element-exception
Build info: version: '4.14.1', revision: '03f8ede370'
System info: os.name: 'Mac OS X', os.arch: 'aarch64', os.version: '14.0', java.version: '17.0.1'
Driver info: org.openqa.selenium.safari.SafariDriver
Command: [1822FE1F-54A2-4185-884B-0EAA408378E5, findElement {using=css selector, value=macroponent-f51912f4c700201072b211d4d8c26010}]
Capabilities {acceptInsecureCerts: false, browserName: Safari, browserVersion: 17.0, platformName: mac, safari:automaticInspection: false, safari:automaticProfiling: false, safari:diagnose: false, safari:platformBuildVersion: 23A344, safari:platformVersion: 14.0, safari:useSimulator: false, setWindowRect: true, strictFileInteractability: false, webkit:WebRTC: {DisableICECandidateFiltering: false, DisableInsecureMediaCapture: false}}
Session ID: 1822FE1F-54A2-4185-884B-0EAA408378E5]]>
            </message>
            <full-stacktrace>
              <![CDATA[java.lang.AssertionError: Test case failed due to an exception: For documentation on this error, please visit: https://www.selenium.dev/documentation/webdriver/troubleshooting/errors#no-such-element-exception
Build info: version: '4.14.1', revision: '03f8ede370'
System info: os.name: 'Mac OS X', os.arch: 'aarch64', os.version: '14.0', java.version: '17.0.1'
Driver info: org.openqa.selenium.safari.SafariDriver
Command: [1822FE1F-54A2-4185-884B-0EAA408378E5, findElement {using=css selector, value=macroponent-f51912f4c700201072b211d4d8c26010}]
Capabilities {acceptInsecureCerts: false, browserName: Safari, browserVersion: 17.0, platformName: mac, safari:automaticInspection: false, safari:automaticProfiling: false, safari:diagnose: false, safari:platformBuildVersion: 23A344, safari:platformVersion: 14.0, safari:useSimulator: false, setWindowRect: true, strictFileInteractability: false, webkit:WebRTC: {DisableICECandidateFiltering: false, DisableInsecureMediaCapture: false}}
Session ID: 1822FE1F-54A2-4185-884B-0EAA408378E5
at org.testng.Assert.fail(Assert.java:99)
at kishapp.login.loginToServiceNow(login.java:54)
at java.base/jdk.internal.reflect.NativeMethodAccessorImpl.invoke0(Native Method)
at java.base/jdk.internal.reflect.NativeMethodAccessorImpl.invoke(NativeMethodAccessorImpl.java:77)
at java.base/jdk.internal.reflect.DelegatingMethodAccessorImpl.invoke(DelegatingMethodAccessorImpl.java:43)
at java.base/java.lang.reflect.Method.invoke(Method.java:568)
at org.testng.internal.MethodInvocationHelper.invokeMethod(MethodInvocationHelper.java:133)
at org.testng.internal.TestInvoker.invokeMethod(TestInvoker.java:598)
at org.testng.internal.TestInvoker.invokeTestMethod(TestInvoker.java:173)
at org.testng.internal.MethodRunner.runInSequence(MethodRunner.java:46)
at org.testng.internal.TestInvoker$MethodInvocationAgent.invoke(TestInvoker.java:824)
at org.testng.internal.TestInvoker.invokeTestMethods(TestInvoker.java:146)
at org.testng.internal.TestMethodWorker.invokeTestMethods(TestMethodWorker.java:146)
at org.testng.internal.TestMethodWorker.run(TestMethodWorker.java:128)
at java.base/java.util.ArrayList.forEach(ArrayList.java:1511)
at org.testng.TestRunner.privateRun(TestRunner.java:794)
at org.testng.TestRunner.run(TestRunner.java:596)
at org.testng.SuiteRunner.runTest(SuiteRunner.java:377)
at org.testng.SuiteRunner.runSequentially(SuiteRunner.java:371)
at org.testng.SuiteRunner.privateRun(SuiteRunner.java:332)
at org.testng.SuiteRunner.run(SuiteRunner.java:276)
at org.testng.SuiteRunnerWorker.runSuite(SuiteRunnerWorker.java:53)
at org.testng.SuiteRunnerWorker.run(SuiteRunnerWorker.java:96)
at org.testng.TestNG.runSuitesSequentially(TestNG.java:1212)
at org.testng.TestNG.runSuitesLocally(TestNG.java:1134)
at org.testng.TestNG.runSuites(TestNG.java:1063)
at org.testng.TestNG.run(TestNG.java:1031)
at org.testng.remote.AbstractRemoteTestNG.run(AbstractRemoteTestNG.java:115)
at org.testng.remote.RemoteTestNG.initAndRun(RemoteTestNG.java:251)
at org.testng.remote.RemoteTestNG.main(RemoteTestNG.java:77)
]]>
            </full-stacktrace>
          </exception> <!-- java.lang.AssertionError -->
          <reporter-output>
          </reporter-output>
        </test-method> <!-- loginToServiceNow -->
        <test-method is-config="true" signature="afterMethod(org.testng.ITestResult)[pri:0, instance:kishapp.login@6caf0677]" started-at="2023-11-06T10:45:43 IST" name="afterMethod" finished-at="2023-11-06T10:45:44 IST" duration-ms="226" status="PASS">
          <params>
            <param index="0">
              <value>
                <![CDATA[[TestResult name=loginToServiceNow status=FAILURE method=login.loginToServiceNow()[pri:0, instance:kishapp.login@6caf0677] output={null}]]]>
              </value>
            </param>
          </params>
          <reporter-output>
            <line>
              <![CDATA[
------------------------------------------------------------------------------
Test Case: LOGINTOSERVICENOW        Test Status: FAILURE   Test Name: LOGINTOSERVICENOW        
Test Description:

               1) Logging In
               2) Impersonating as Abel Tuter
               3) Moving To The Incidents Page
               4) Switching To Iframe
               5) Creating Incident
               6) Verifying Incidents Created
               7) Logging Out Of the Instance
------------------------------------------------------------------------------
]]>
            </line>
          </reporter-output>
        </test-method> <!-- afterMethod -->
        <test-method is-config="true" signature="onTestStart()[pri:0, instance:kishapp.login@6caf0677]" started-at="2023-11-06T10:45:44 IST" name="onTestStart" finished-at="2023-11-06T10:45:44 IST" duration-ms="0" status="PASS">
          <reporter-output>
            <line>
              <![CDATA[All tests have been run successfully!]]>
            </line>
          </reporter-output>
        </test-method> <!-- onTestStart -->
      </class> <!-- kishapp.login -->
    </test> <!-- TestSafari -->
  </suite> <!-- Suite -->
</testng-results>
